[FIO] 正在锻造 5GB 测试基底文件 (这可能需要几十秒)...
[FIO] 强行刷盘，排空初始化脏页...
[FIO] 炼狱靶场准备完毕，开始注入全谱段乱序混合负载！
>>> [乱序] OLTP 核心热点 (强 Zipfian) - 20秒
>>> [乱序] 业务长尾期 (稀疏散列) - 15秒
>>> [乱序] 业务长尾期 (稀疏散列) - 15秒
>>> [乱序] 分析型宽表扫描 (重度 Thrashing) - 20秒
>>> [乱序] 复杂事务交火 (70%读/30%写) - 20秒
>>> [乱序] 洪峰突起 (12 线程并发) - 15秒
>>> [乱序] 分析型宽表扫描 (重度 Thrashing) - 20秒
>>> [乱序] OLTP 核心热点 (强 Zipfian) - 20秒
>>> [乱序] 洪峰突起 (12 线程并发) - 15秒
>>> [乱序] 洪峰突起 (12 线程并发) - 15秒
>>> [乱序] 洪峰突起 (12 线程并发) - 15秒
>>> [乱序] OLTP 核心热点 (强 Zipfian) - 20秒
>>> [乱序] 复杂事务交火 (70%读/30%写) - 20秒
>>> [乱序] OLTP 核心热点 (强 Zipfian) - 20秒
>>> [乱序] 分析型宽表扫描 (重度 Thrashing) - 20秒
>>> [乱序] 洪峰突起 (12 线程并发) - 15秒
>>> [乱序] 业务长尾期 (稀疏散列) - 15秒
>>> [乱序] 分析型宽表扫描 (重度 Thrashing) - 20秒
>>> [乱序] 洪峰突起 (12 线程并发) - 15秒
>>> [乱序] 复杂事务交火 (70%读/30%写) - 20秒
>>> [乱序] OLTP 核心热点 (强 Zipfian) - 20秒
>>> [乱序] 复杂事务交火 (70%读/30%写) - 20秒
>>> [乱序] 复杂事务交火 (70%读/30%写) - 20秒
>>> [乱序] 复杂事务交火 (70%读/30%写) - 20秒
>>> [乱序] 业务长尾期 (稀疏散列) - 15秒
>>> [乱序] 复杂事务交火 (70%读/30%写) - 20秒
>>> [乱序] OLTP 核心热点 (强 Zipfian) - 20秒
>>> [乱序] 洪峰突起 (12 线程并发) - 15秒
>>> [乱序] OLTP 核心热点 (强 Zipfian) - 20秒
>>> [乱序] 分析型宽表扫描 (重度 Thrashing) - 20秒
>>> [乱序] 复杂事务交火 (70%读/30%写) - 20秒
>>> [乱序] 分析型宽表扫描 (重度 Thrashing) - 20秒
>>> [乱序] 复杂事务交火 (70%读/30%写) - 20秒
>>> [乱序] 复杂事务交火 (70%读/30%写) - 20秒
>>> [乱序] 复杂事务交火 (70%读/30%写) - 20秒
>>> [乱序] OLTP 核心热点 (强 Zipfian) - 20秒
>>> [乱序] OLTP 核心热点 (强 Zipfian) - 20秒
>>> [乱序] 复杂事务交火 (70%读/30%写) - 20秒
>>> [乱序] 分析型宽表扫描 (重度 Thrashing) - 20秒
>>> [乱序] 洪峰突起 (12 线程并发) - 15秒
>>> [乱序] 分析型宽表扫描 (重度 Thrashing) - 20秒
>>> [乱序] OLTP 核心热点 (强 Zipfian) - 20秒
>>> [乱序] OLTP 核心热点 (强 Zipfian) - 20秒
>>> [乱序] 洪峰突起 (12 线程并发) - 15秒
>>> [乱序] 复杂事务交火 (70%读/30%写) - 20秒
>>> [乱序] 复杂事务交火 (70%读/30%写) - 20秒
>>> [乱序] 复杂事务交火 (70%读/30%写) - 20秒
>>> [乱序] 业务长尾期 (稀疏散列) - 15秒
>>> [乱序] 业务长尾期 (稀疏散列) - 15秒
>>> [乱序] 业务长尾期 (稀疏散列) - 15秒
>>> [乱序] 业务长尾期 (稀疏散列) - 15秒
>>> [乱序] 洪峰突起 (12 线程并发) - 15秒
>>> [乱序] OLTP 核心热点 (强 Zipfian) - 20秒
>>> [乱序] 分析型宽表扫描 (重度 Thrashing) - 20秒
>>> [乱序] 复杂事务交火 (70%读/30%写) - 20秒
>>> [乱序] 业务长尾期 (稀疏散列) - 15秒
>>> [乱序] 业务长尾期 (稀疏散列) - 15秒
>>> [乱序] 洪峰突起 (12 线程并发) - 15秒
>>> [乱序] 复杂事务交火 (70%读/30%写) - 20秒
>>> [乱序] 洪峰突起 (12 线程并发) - 15秒
>>> [乱序] 复杂事务交火 (70%读/30%写) - 20秒
>>> [乱序] 复杂事务交火 (70%读/30%写) - 20秒
>>> [乱序] OLTP 核心热点 (强 Zipfian) - 20秒
>>> [乱序] 分析型宽表扫描 (重度 Thrashing) - 20秒
>>> [乱序] 业务长尾期 (稀疏散列) - 15秒
>>> [乱序] 复杂事务交火 (70%读/30%写) - 20秒
>>> [乱序] OLTP 核心热点 (强 Zipfian) - 20秒
>>> [乱序] OLTP 核心热点 (强 Zipfian) - 20秒
>>> [乱序] 业务长尾期 (稀疏散列) - 15秒
>>> [乱序] 业务长尾期 (稀疏散列) - 15秒
>>> [乱序] 洪峰突起 (12 线程并发) - 15秒
>>> [乱序] 复杂事务交火 (70%读/30%写) - 20秒
>>> [乱序] OLTP 核心热点 (强 Zipfian) - 20秒
>>> [乱序] 业务长尾期 (稀疏散列) - 15秒
>>> [乱序] 业务长尾期 (稀疏散列) - 15秒
>>> [乱序] 复杂事务交火 (70%读/30%写) - 20秒
>>> [乱序] 复杂事务交火 (70%读/30%写) - 20秒
>>> [乱序] 业务长尾期 (稀疏散列) - 15秒
>>> [乱序] 分析型宽表扫描 (重度 Thrashing) - 20秒
>>> [乱序] 业务长尾期 (稀疏散列) - 15秒
>>> [乱序] 分析型宽表扫描 (重度 Thrashing) - 20秒
>>> [乱序] 业务长尾期 (稀疏散列) - 15秒
>>> [乱序] 业务长尾期 (稀疏散列) - 15秒
>>> [乱序] 洪峰突起 (12 线程并发) - 15秒
>>> [乱序] OLTP 核心热点 (强 Zipfian) - 20秒
>>> [乱序] 洪峰突起 (12 线程并发) - 15秒
>>> [乱序] 复杂事务交火 (70%读/30%写) - 20秒
>>> [乱序] 分析型宽表扫描 (重度 Thrashing) - 20秒
>>> [乱序] 业务长尾期 (稀疏散列) - 15秒
>>> [乱序] OLTP 核心热点 (强 Zipfian) - 20秒
>>> [乱序] 分析型宽表扫描 (重度 Thrashing) - 20秒
>>> [乱序] OLTP 核心热点 (强 Zipfian) - 20秒
>>> [乱序] 复杂事务交火 (70%读/30%写) - 20秒
>>> [乱序] 复杂事务交火 (70%读/30%写) - 20秒
>>> [乱序] 业务长尾期 (稀疏散列) - 15秒
>>> [乱序] 业务长尾期 (稀疏散列) - 15秒
>>> [乱序] 业务长尾期 (稀疏散列) - 15秒
>>> [乱序] OLTP 核心热点 (强 Zipfian) - 20秒
>>> [乱序] 洪峰突起 (12 线程并发) - 15秒
>>> [乱序] 业务长尾期 (稀疏散列) - 15秒
>>> [乱序] 洪峰突起 (12 线程并发) - 15秒
>>> [乱序] 复杂事务交火 (70%读/30%写) - 20秒
>>> [乱序] 复杂事务交火 (70%读/30%写) - 20秒
>>> [乱序] 复杂事务交火 (70%读/30%写) - 20秒
>>> [乱序] 业务长尾期 (稀疏散列) - 15秒
>>> [乱序] 复杂事务交火 (70%读/30%写) - 20秒
>>> [乱序] 复杂事务交火 (70%读/30%写) - 20秒
>>> [乱序] 分析型宽表扫描 (重度 Thrashing) - 20秒
>>> [乱序] 复杂事务交火 (70%读/30%写) - 20秒
>>> [乱序] 分析型宽表扫描 (重度 Thrashing) - 20秒
>>> [乱序] 复杂事务交火 (70%读/30%写) - 20秒
>>> [乱序] 业务长尾期 (稀疏散列) - 15秒
>>> [乱序] 分析型宽表扫描 (重度 Thrashing) - 20秒
>>> [乱序] 复杂事务交火 (70%读/30%写) - 20秒
>>> [乱序] OLTP 核心热点 (强 Zipfian) - 20秒
>>> [乱序] 洪峰突起 (12 线程并发) - 15秒
>>> [乱序] 洪峰突起 (12 线程并发) - 15秒
>>> [乱序] 业务长尾期 (稀疏散列) - 15秒
>>> [乱序] 洪峰突起 (12 线程并发) - 15秒
>>> [乱序] 复杂事务交火 (70%读/30%写) - 20秒
>>> [乱序] 洪峰突起 (12 线程并发) - 15秒
>>> [乱序] 分析型宽表扫描 (重度 Thrashing) - 20秒
>>> [乱序] OLTP 核心热点 (强 Zipfian) - 20秒
>>> [乱序] OLTP 核心热点 (强 Zipfian) - 20秒
>>> [乱序] OLTP 核心热点 (强 Zipfian) - 20秒
>>> [乱序] OLTP 核心热点 (强 Zipfian) - 20秒
>>> [乱序] 分析型宽表扫描 (重度 Thrashing) - 20秒
>>> [乱序] 洪峰突起 (12 线程并发) - 15秒
>>> [乱序] 分析型宽表扫描 (重度 Thrashing) - 20秒
>>> [乱序] 业务长尾期 (稀疏散列) - 15秒
>>> [乱序] 洪峰突起 (12 线程并发) - 15秒
>>> [乱序] OLTP 核心热点 (强 Zipfian) - 20秒
>>> [乱序] 复杂事务交火 (70%读/30%写) - 20秒
>>> [乱序] 业务长尾期 (稀疏散列) - 15秒
>>> [乱序] OLTP 核心热点 (强 Zipfian) - 20秒
>>> [乱序] OLTP 核心热点 (强 Zipfian) - 20秒
>>> [乱序] OLTP 核心热点 (强 Zipfian) - 20秒
>>> [乱序] OLTP 核心热点 (强 Zipfian) - 20秒
>>> [乱序] 业务长尾期 (稀疏散列) - 15秒
>>> [乱序] 分析型宽表扫描 (重度 Thrashing) - 20秒
>>> [乱序] 业务长尾期 (稀疏散列) - 15秒
>>> [乱序] 洪峰突起 (12 线程并发) - 15秒
>>> [乱序] 洪峰突起 (12 线程并发) - 15秒
>>> [乱序] 洪峰突起 (12 线程并发) - 15秒
>>> [乱序] 复杂事务交火 (70%读/30%写) - 20秒
>>> [乱序] 复杂事务交火 (70%读/30%写) - 20秒
>>> [乱序] 洪峰突起 (12 线程并发) - 15秒
>>> [乱序] 复杂事务交火 (70%读/30%写) - 20秒
>>> [乱序] 洪峰突起 (12 线程并发) - 15秒
>>> [乱序] OLTP 核心热点 (强 Zipfian) - 20秒
>>> [乱序] 分析型宽表扫描 (重度 Thrashing) - 20秒
>>> [乱序] 业务长尾期 (稀疏散列) - 15秒
>>> [乱序] OLTP 核心热点 (强 Zipfian) - 20秒
>>> [乱序] 分析型宽表扫描 (重度 Thrashing) - 20秒
>>> [乱序] 分析型宽表扫描 (重度 Thrashing) - 20秒
